deleting "2017-09-11 16:36:26.976389+00:00-379-successful" (1 host summaries, 8 events)
deleting "2017-09-11 16:37:39.973089+00:00-380-successful" (1 host summaries, 8 events)
deleting "2017-09-13 22:13:23.764597+00:00-384-failed" (1 host summaries, 9 events)
deleting "2017-09-13 22:18:12.854889+00:00-385-failed" (1 host summaries, 18 events)
deleting "2017-09-13 22:22:33.346686+00:00-386-successful" (1 host summaries, 18 events)
deleting "2017-09-13 22:25:43.113715+00:00-387-failed" (1 host summaries, 9 events)
deleting "2017-09-13 22:39:54.604320+00:00-388-successful" (1 host summaries, 18 events)
deleting "2017-09-13 22:52:40.706479+00:00-389-successful" (1 host summaries, 18 events)
deleting "2017-09-13 22:59:44.446086+00:00-390-successful" (1 host summaries, 18 events)
deleting "2017-09-13 23:15:57.439427+00:00-391-successful" (1 host summaries, 18 events)
deleting "2017-09-14 14:16:36.445568+00:00-392-successful" (0 host summaries, 5 events)
deleting "2017-09-14 14:17:37.258620+00:00-393-successful" (0 host summaries, 5 events)
deleting "2017-09-14 14:18:36.868278+00:00-394-successful" (0 host summaries, 5 events)
deleting "2017-09-14 14:20:29.101984+00:00-395-successful" (0 host summaries, 5 events)
deleting "2017-09-14 14:21:03.490101+00:00-396-successful" (0 host summaries, 5 events)
deleting "2017-09-14 14:22:47.962298+00:00-397-failed" (0 host summaries, 2 events)
deleting "2017-09-14 14:23:18.426988+00:00-398-successful" (1 host summaries, 10 events)
deleting "2017-09-14 15:00:44.888414+00:00-399-successful" (0 host summaries, 5 events)
deleting "2017-09-14 15:02:26.335110+00:00-400-successful" (0 host summaries, 5 events)
deleting "2017-09-14 15:06:46.853746+00:00-401-successful" (0 host summaries, 5 events)
deleting "2017-09-14 15:08:43.938652+00:00-402-successful" (1 host summaries, 8 events)
deleting "2017-09-14 15:14:29.360732+00:00-403-successful" (1 host summaries, 8 events)
deleting "2017-09-14 15:58:31.987721+00:00-404-failed" (1 host summaries, 8 events)
deleting "2017-09-14 16:00:41.470485+00:00-405-successful" (1 host summaries, 8 events)
deleting "2017-09-14 16:00:53.943346+00:00-406-successful" (1 host summaries, 8 events)
deleting "2017-09-14 16:07:14.157830+00:00-407-successful" (1 host summaries, 8 events)
deleting "2017-09-14 16:12:58.245617+00:00-408-failed" (0 host summaries, 2 events)
deleting "2017-09-14 18:14:13.968785+00:00-409-successful" (1 host summaries, 8 events)
deleting "2017-09-14 22:27:34.170197+00:00-410-successful" (1 host summaries, 8 events)
deleting "2017-09-14 22:30:34.165086+00:00-411-successful" (1 host summaries, 8 events)
deleting "2017-09-14 22:35:42.803104+00:00-412-successful" (1 host summaries, 8 events)
deleting "2017-09-14 23:19:22.276958+00:00-413-successful" (1 host summaries, 8 events)
deleting "2017-09-14 23:23:32.626546+00:00-414-successful" (1 host summaries, 8 events)
deleting "2017-09-14 23:53:16.366053+00:00-415-successful" (1 host summaries, 8 events)
deleting "2017-09-14 23:55:04.825290+00:00-416-successful" (1 host summaries, 8 events)
deleting "2017-09-14 23:56:26.577377+00:00-417-successful" (1 host summaries, 8 events)
deleting "2017-09-14 23:59:46.453223+00:00-418-successful" (1 host summaries, 8 events)
deleting "2017-09-15 14:58:50.828375+00:00-419-successful" (1 host summaries, 8 events)
deleting "2017-09-15 17:27:31.869753+00:00-420-successful" (1 host summaries, 8 events)
deleting "2017-09-15 11:39:15.715972+00:00-421-failed" (1 host summaries, 8 events)
deleting "2017-09-15 11:44:03.273030+00:00-422-successful" (1 host summaries, 16 events)
deleting "2017-09-15 11:44:31.727300+00:00-423-successful" (1 host summaries, 16 events)
deleting "2017-09-15 12:25:25.475116+00:00-424-successful" (1 host summaries, 8 events)
jobs: 43 deleted, 976 skipped.
ad hoc commands: 0 deleted, 0 skipped.
project updates: 0 deleted, 1 skipped.
inventory updates: 0 deleted, 42 skipped.
deleting "2017-09-10 18:15:44.513390+00:00-378-successful" (type cleanup_jobs)
deleting "2017-09-12 18:15:46.697318+00:00-381-successful" (type cleanup_activitystream)
management jobs: 2 deleted, 37 skipped.
deleting "2017-09-16 18:03:30.486443+00:00-441-successful" (2 nodes)
deleting "2017-09-16 18:12:25.009780+00:00-443-successful" (2 nodes)
workflow jobs: 2 deleted, 149 skipped.
notifications: 0 deleted, 0 skipped.
