deleting "2017-09-16 18:31:18.026914+00:00-448-successful" (1 host summaries, 10 events)
deleting "2017-09-16 18:32:50.657301+00:00-449-failed" (1 host summaries, 9 events)
deleting "2017-09-17 05:09:09.856130+00:00-451-successful" (1 host summaries, 10 events)
deleting "2017-09-17 05:10:46.131659+00:00-452-successful" (0 host summaries, 5 events)
deleting "2017-09-17 05:15:30.032753+00:00-454-successful" (1 host summaries, 10 events)
deleting "2017-09-17 05:17:04.011490+00:00-455-successful" (0 host summaries, 5 events)
deleting "2017-09-17 05:18:56.906201+00:00-456-successful" (0 host summaries, 5 events)
deleting "2017-09-17 05:20:40.569926+00:00-457-failed" (1 host summaries, 15 events)
deleting "2017-09-17 05:26:30.348031+00:00-459-successful" (1 host summaries, 10 events)
deleting "2017-09-17 05:28:01.921945+00:00-460-successful" (1 host summaries, 20 events)
deleting "2017-09-17 05:33:30.473877+00:00-462-successful" (1 host summaries, 10 events)
deleting "2017-09-17 05:35:01.723248+00:00-463-successful" (1 host summaries, 20 events)
deleting "2017-09-17 05:51:50.940535+00:00-465-successful" (1 host summaries, 10 events)
deleting "2017-09-17 05:53:21.586203+00:00-466-successful" (1 host summaries, 20 events)
deleting "2017-09-17 08:36:40.801140+00:00-467-successful" (1 host summaries, 10 events)
deleting "2017-09-17 08:56:35.396896+00:00-468-successful" (1 host summaries, 10 events)
deleting "2017-09-17 09:31:23.841668+00:00-469-successful" (1 host summaries, 10 events)
deleting "2017-09-17 11:20:42.287039+00:00-470-successful" (1 host summaries, 10 events)
deleting "2017-09-17 12:43:54.888996+00:00-471-successful" (1 host summaries, 10 events)
deleting "2017-09-18 00:41:06.880734+00:00-473-successful" (0 host summaries, 5 events)
deleting "2017-09-18 00:41:58.458583+00:00-474-canceled" (0 host summaries, 0 events)
deleting "2017-09-18 00:42:51.367380+00:00-475-successful" (1 host summaries, 8 events)
deleting "2017-09-18 00:42:55.901099+00:00-476-successful" (1 host summaries, 8 events)
deleting "2017-09-18 00:48:45.598138+00:00-477-successful" (1 host summaries, 8 events)
deleting "2017-09-18 01:00:40.620287+00:00-478-successful" (1 host summaries, 8 events)
deleting "2017-09-18 03:20:11.161835+00:00-479-successful" (0 host summaries, 5 events)
deleting "2017-09-18 09:05:01.448429+00:00-480-successful" (1 host summaries, 10 events)
deleting "2017-09-18 09:27:50.277320+00:00-484-successful" (1 host summaries, 10 events)
deleting "2017-09-18 09:29:26.398151+00:00-485-failed" (1 host summaries, 6 events)
deleting "2017-09-18 09:42:30.871205+00:00-487-successful" (1 host summaries, 10 events)
deleting "2017-09-18 09:43:21.640616+00:00-488-canceled" (0 host summaries, 7 events)
deleting "2017-09-18 10:06:31.062707+00:00-489-canceled" (0 host summaries, 7 events)
deleting "2017-09-18 10:14:28.033200+00:00-490-successful" (1 host summaries, 16 events)
deleting "2017-09-18 10:16:38.877792+00:00-491-canceled" (0 host summaries, 7 events)
deleting "2017-09-18 10:21:43.688184+00:00-492-canceled" (0 host summaries, 7 events)
deleting "2017-09-18 10:35:08.384907+00:00-493-successful" (1 host summaries, 16 events)
deleting "2017-09-18 10:42:45.305613+00:00-494-failed" (1 host summaries, 8 events)
deleting "2017-09-18 10:53:33.376789+00:00-495-canceled" (0 host summaries, 7 events)
deleting "2017-09-18 11:46:15.035303+00:00-496-canceled" (0 host summaries, 8 events)
deleting "2017-09-18 11:47:43.536068+00:00-497-canceled" (0 host summaries, 7 events)
deleting "2017-09-18 11:49:02.986595+00:00-498-canceled" (0 host summaries, 7 events)
deleting "2017-09-18 12:20:52.750549+00:00-499-canceled" (0 host summaries, 7 events)
deleting "2017-09-18 12:24:24.028965+00:00-500-failed" (1 host summaries, 8 events)
deleting "2017-09-18 12:29:17.523200+00:00-501-canceled" (0 host summaries, 8 events)
deleting "2017-09-18 12:31:24.653504+00:00-502-canceled" (0 host summaries, 8 events)
deleting "2017-09-18 12:37:14.253418+00:00-503-canceled" (0 host summaries, 8 events)
deleting "2017-09-18 13:04:30.552192+00:00-504-successful" (1 host summaries, 17 events)
deleting "2017-09-18 13:12:42.522444+00:00-505-successful" (1 host summaries, 17 events)
deleting "2017-09-18 13:22:26.960757+00:00-506-successful" (0 host summaries, 5 events)
deleting "2017-09-18 14:33:38.087274+00:00-508-successful" (1 host summaries, 10 events)
deleting "2017-09-18 14:35:24.129353+00:00-509-failed" (1 host summaries, 7 events)
deleting "2017-09-18 14:36:14.164853+00:00-510-successful" (1 host summaries, 17 events)
deleting "2017-09-18 14:44:58.624315+00:00-511-successful" (0 host summaries, 5 events)
deleting "2017-09-18 14:48:40.037701+00:00-512-successful" (1 host summaries, 8 events)
deleting "2017-09-18 15:13:12.291527+00:00-513-successful" (1 host summaries, 11 events)
deleting "2017-09-19 05:18:15.107864+00:00-515-successful" (1 host summaries, 10 events)
deleting "2017-09-19 05:20:13.537987+00:00-516-successful" (1 host summaries, 17 events)
deleting "2017-09-19 05:28:03.215201+00:00-517-successful" (1 host summaries, 8 events)
deleting "2017-09-19 05:39:16.522642+00:00-518-successful" (1 host summaries, 11 events)
deleting "2017-09-19 08:58:22.819769+00:00-520-successful" (1 host summaries, 10 events)
deleting "2017-09-19 09:00:14.344269+00:00-521-successful" (1 host summaries, 17 events)
deleting "2017-09-19 09:10:24.278673+00:00-522-failed" (1 host summaries, 8 events)
deleting "2017-09-19 09:23:04.249814+00:00-524-successful" (1 host summaries, 10 events)
deleting "2017-09-19 09:24:52.270725+00:00-525-successful" (1 host summaries, 17 events)
deleting "2017-09-19 09:41:23.830205+00:00-526-failed" (1 host summaries, 15 events)
deleting "2017-09-19 09:41:42.886289+00:00-527-failed" (1 host summaries, 8 events)
deleting "2017-09-19 10:33:06.088580+00:00-529-successful" (1 host summaries, 10 events)
deleting "2017-09-19 10:35:00.522844+00:00-530-failed" (1 host summaries, 16 events)
deleting "2017-09-19 12:33:26.833259+00:00-532-successful" (1 host summaries, 10 events)
deleting "2017-09-19 13:53:16.208165+00:00-536-successful" (0 host summaries, 5 events)
deleting "2017-09-19 13:56:56.336775+00:00-538-failed" (1 host summaries, 6 events)
deleting "2017-09-19 14:00:56.709272+00:00-539-failed" (1 host summaries, 6 events)
deleting "2017-09-19 14:04:16.479620+00:00-541-failed" (1 host summaries, 6 events)
deleting "2017-09-19 14:05:39.731502+00:00-542-successful" (1 host summaries, 10 events)
deleting "2017-09-19 14:08:36.517917+00:00-544-successful" (1 host summaries, 16 events)
deleting "2017-09-19 14:10:56.928675+00:00-545-successful" (1 host summaries, 16 events)
deleting "2017-09-19 14:14:36.643369+00:00-547-successful" (1 host summaries, 16 events)
deleting "2017-09-19 14:19:56.769381+00:00-549-successful" (1 host summaries, 12 events)
deleting "2017-09-20 02:29:36.220228+00:00-552-successful" (1 host summaries, 12 events)
deleting "2017-09-20 05:00:10.811297+00:00-555-successful" (1 host summaries, 16 events)
deleting "2017-09-20 05:50:22.261473+00:00-557-successful" (1 host summaries, 12 events)
deleting "2017-09-20 05:52:12.093960+00:00-558-failed" (1 host summaries, 9 events)
deleting "2017-09-20 06:00:22.483963+00:00-560-successful" (1 host summaries, 12 events)
deleting "2017-09-20 06:02:11.712650+00:00-561-failed" (1 host summaries, 6 events)
deleting "2017-09-20 06:05:02.576030+00:00-563-successful" (1 host summaries, 12 events)
deleting "2017-09-20 06:06:50.702071+00:00-564-failed" (1 host summaries, 15 events)
deleting "2017-09-20 06:12:42.713496+00:00-566-successful" (1 host summaries, 12 events)
deleting "2017-09-20 06:14:42.751319+00:00-567-successful" (1 host summaries, 20 events)
deleting "2017-09-20 06:29:43.114696+00:00-569-successful" (1 host summaries, 12 events)
deleting "2017-09-20 06:31:31.449803+00:00-570-successful" (1 host summaries, 20 events)
deleting "2017-09-20 06:34:10.060362+00:00-571-successful" (0 host summaries, 5 events)
deleting "2017-09-20 06:38:03.291435+00:00-573-successful" (1 host summaries, 12 events)
deleting "2017-09-20 06:39:51.275687+00:00-574-successful" (1 host summaries, 20 events)
deleting "2017-09-20 06:43:40.070357+00:00-575-successful" (1 host summaries, 10 events)
deleting "2017-09-20 06:59:45.851107+00:00-576-canceled" (0 host summaries, 6 events)
deleting "2017-09-20 07:02:38.398264+00:00-577-successful" (1 host summaries, 10 events)
deleting "2017-09-20 08:38:06.431372+00:00-579-canceled" (0 host summaries, 4 events)
deleting "2017-09-20 08:41:06.488990+00:00-581-successful" (1 host summaries, 12 events)
deleting "2017-09-20 08:42:58.854382+00:00-582-successful" (1 host summaries, 20 events)
deleting "2017-09-20 08:52:39.035389+00:00-583-failed" (1 host summaries, 8 events)
deleting "2017-09-20 09:04:14.482688+00:00-584-successful" (1 host summaries, 20 events)
deleting "2017-09-20 09:08:37.916326+00:00-585-failed" (1 host summaries, 8 events)
deleting "2017-09-20 09:12:27.127899+00:00-587-successful" (1 host summaries, 12 events)
deleting "2017-09-20 09:14:23.256005+00:00-588-failed" (1 host summaries, 7 events)
deleting "2017-09-20 09:31:27.522296+00:00-590-successful" (1 host summaries, 12 events)
deleting "2017-09-20 09:33:49.235323+00:00-591-failed" (1 host summaries, 7 events)
deleting "2017-09-20 09:38:27.677608+00:00-593-successful" (1 host summaries, 12 events)
deleting "2017-09-20 09:42:08.191523+00:00-594-successful" (1 host summaries, 20 events)
deleting "2017-09-20 09:50:59.607062+00:00-595-successful" (1 host summaries, 8 events)
deleting "2017-09-20 09:59:39.095836+00:00-596-successful" (1 host summaries, 11 events)
deleting "2017-09-20 09:59:47.694421+00:00-597-successful" (1 host summaries, 10 events)
deleting "2017-09-20 10:27:09.341754+00:00-599-successful" (1 host summaries, 12 events)
deleting "2017-09-20 10:30:30.677198+00:00-600-successful" (1 host summaries, 20 events)
deleting "2017-09-20 10:39:16.998345+00:00-601-failed" (1 host summaries, 8 events)
deleting "2017-09-20 10:54:10.181743+00:00-603-successful" (1 host summaries, 12 events)
deleting "2017-09-20 10:57:26.072232+00:00-604-failed" (1 host summaries, 9 events)
deleting "2017-09-20 10:59:30.382146+00:00-606-successful" (1 host summaries, 12 events)
deleting "2017-09-20 11:02:46.095834+00:00-607-failed" (1 host summaries, 9 events)
deleting "2017-09-20 11:18:50.869685+00:00-609-successful" (1 host summaries, 12 events)
deleting "2017-09-20 11:22:06.138073+00:00-610-failed" (1 host summaries, 9 events)
deleting "2017-09-20 11:30:11.350689+00:00-612-successful" (1 host summaries, 12 events)
deleting "2017-09-20 11:33:30.538793+00:00-613-failed" (1 host summaries, 9 events)
deleting "2017-09-20 11:37:51.371619+00:00-615-successful" (1 host summaries, 12 events)
deleting "2017-09-20 11:41:04.575788+00:00-616-failed" (1 host summaries, 9 events)
deleting "2017-09-20 11:42:51.436028+00:00-618-successful" (1 host summaries, 12 events)
deleting "2017-09-20 11:46:05.629320+00:00-619-successful" (1 host summaries, 24 events)
deleting "2017-09-20 12:08:30.959372+00:00-620-successful" (1 host summaries, 8 events)
deleting "2017-09-20 12:17:21.952142+00:00-621-successful" (1 host summaries, 11 events)
deleting "2017-09-20 12:17:30.074851+00:00-622-successful" (1 host summaries, 10 events)
deleting "2017-09-20 12:19:07.350428+00:00-623-successful" (1 host summaries, 10 events)
deleting "2017-09-20 12:20:29.558811+00:00-624-successful" (0 host summaries, 5 events)
deleting "2017-09-20 12:21:41.617951+00:00-625-successful" (1 host summaries, 10 events)
deleting "2017-09-20 13:48:36.577370+00:00-627-successful" (1 host summaries, 12 events)
deleting "2017-09-20 13:52:05.687599+00:00-628-failed" (1 host summaries, 6 events)
deleting "2017-09-20 13:56:17.131215+00:00-630-canceled" (0 host summaries, 10 events)
deleting "2017-09-20 13:57:57.239714+00:00-632-successful" (1 host summaries, 12 events)
deleting "2017-09-20 14:01:14.876938+00:00-633-successful" (1 host summaries, 20 events)
deleting "2017-09-20 14:03:03.147473+00:00-634-successful" (0 host summaries, 5 events)
deleting "2017-09-20 14:04:38.536718+00:00-635-successful" (0 host summaries, 5 events)
deleting "2017-09-20 14:04:57.310534+00:00-636-successful" (0 host summaries, 5 events)
deleting "2017-09-20 14:06:37.013188+00:00-637-successful" (0 host summaries, 5 events)
deleting "2017-09-20 14:10:41.780438+00:00-638-successful" (0 host summaries, 5 events)
deleting "2017-09-20 14:12:07.932014+00:00-639-successful" (0 host summaries, 5 events)
deleting "2017-09-20 14:14:21.629055+00:00-640-successful" (0 host summaries, 5 events)
deleting "2017-09-20 14:15:34.023298+00:00-641-successful" (0 host summaries, 5 events)
deleting "2017-09-20 14:17:11.970990+00:00-642-successful" (0 host summaries, 5 events)
deleting "2017-09-20 14:17:50.071910+00:00-643-successful" (1 host summaries, 10 events)
deleting "2017-09-20 14:28:41.700028+00:00-644-failed" (2 host summaries, 13 events)
deleting "2017-09-20 14:35:38.601696+00:00-645-failed" (2 host summaries, 13 events)
deleting "2017-09-20 14:40:08.803456+00:00-646-failed" (2 host summaries, 13 events)
deleting "2017-09-20 14:59:39.820836+00:00-648-successful" (1 host summaries, 12 events)
deleting "2017-09-20 15:02:57.835705+00:00-649-successful" (1 host summaries, 20 events)
deleting "2017-09-20 15:04:32.796722+00:00-650-failed" (2 host summaries, 13 events)
deleting "2017-09-20 15:14:20.692250+00:00-652-successful" (1 host summaries, 12 events)
deleting "2017-09-20 15:17:54.417365+00:00-653-failed" (1 host summaries, 11 events)
deleting "2017-09-21 04:36:56.479467+00:00-655-successful" (1 host summaries, 12 events)
deleting "2017-09-21 04:40:17.218544+00:00-656-failed" (1 host summaries, 6 events)
deleting "2017-09-21 05:31:07.781006+00:00-657-successful" (1 host summaries, 8 events)
deleting "2017-09-21 06:40:09.458994+00:00-658-successful" (1 host summaries, 8 events)
deleting "2017-09-21 08:23:36.304672+00:00-659-failed" (0 host summaries, 2 events)
deleting "2017-09-21 08:25:14.684172+00:00-660-failed" (0 host summaries, 2 events)
deleting "2017-09-21 08:31:20.881415+00:00-661-failed" (0 host summaries, 2 events)
deleting "2017-09-21 08:35:01.456361+00:00-662-successful" (0 host summaries, 5 events)
deleting "2017-09-21 08:36:50.762005+00:00-663-successful" (0 host summaries, 5 events)
deleting "2017-09-21 08:38:14.955645+00:00-664-failed" (1 host summaries, 7 events)
deleting "2017-09-21 08:43:04.818016+00:00-665-failed" (1 host summaries, 7 events)
deleting "2017-09-21 08:46:33.327167+00:00-666-successful" (1 host summaries, 6 events)
deleting "2017-09-21 08:47:19.275625+00:00-667-failed" (1 host summaries, 6 events)
deleting "2017-09-21 11:52:08.214278+00:00-668-successful" (0 host summaries, 5 events)
deleting "2017-09-21 11:52:55.582168+00:00-669-failed" (1 host summaries, 6 events)
deleting "2017-09-21 11:54:14.978369+00:00-670-failed" (1 host summaries, 7 events)
deleting "2017-09-21 11:59:33.993929+00:00-671-successful" (1 host summaries, 6 events)
deleting "2017-09-21 12:02:24.094945+00:00-672-successful" (1 host summaries, 8 events)
deleting "2017-09-21 12:03:58.991803+00:00-673-successful" (1 host summaries, 8 events)
deleting "2017-09-21 12:41:28.414851+00:00-675-successful" (1 host summaries, 8 events)
deleting "2017-09-21 12:41:51.980476+00:00-676-failed" (0 host summaries, 2 events)
deleting "2017-09-21 12:51:08.707473+00:00-678-successful" (1 host summaries, 8 events)
deleting "2017-09-21 12:51:32.187054+00:00-679-failed" (0 host summaries, 2 events)
deleting "2017-09-21 12:59:29.025211+00:00-681-successful" (1 host summaries, 12 events)
deleting "2017-09-21 13:29:52.158846+00:00-682-failed" (1 host summaries, 6 events)
deleting "2017-09-21 13:33:14.294794+00:00-683-failed" (1 host summaries, 8 events)
deleting "2017-09-21 14:27:11.712335+00:00-685-successful" (1 host summaries, 12 events)
deleting "2017-09-21 14:57:38.408266+00:00-686-successful" (1 host summaries, 8 events)
deleting "2017-09-22 06:53:35.147163+00:00-688-successful" (1 host summaries, 12 events)
deleting "2017-09-22 06:57:03.979585+00:00-689-successful" (1 host summaries, 20 events)
deleting "2017-09-22 06:58:44.939431+00:00-690-failed" (2 host summaries, 13 events)
deleting "2017-09-22 10:06:36.338366+00:00-691-successful" (1 host summaries, 8 events)
deleting "2017-09-22 10:23:24.132423+00:00-692-successful" (1 host summaries, 8 events)
deleting "2017-09-22 11:20:23.454820+00:00-694-failed" (0 host summaries, 5 events)
deleting "2017-09-22 11:27:32.850409+00:00-695-failed" (1 host summaries, 6 events)
deleting "2017-09-22 11:29:03.735622+00:00-697-canceled" (0 host summaries, 10 events)
deleting "2017-09-22 11:31:03.819794+00:00-699-successful" (1 host summaries, 12 events)
deleting "2017-09-22 11:34:24.669388+00:00-700-successful" (1 host summaries, 20 events)
deleting "2017-09-22 11:35:19.068458+00:00-701-failed" (2 host summaries, 17 events)
deleting "2017-09-22 11:48:04.617082+00:00-703-canceled" (0 host summaries, 1 events)
deleting "2017-09-22 11:53:07.486862+00:00-704-failed" (2 host summaries, 15 events)
deleting "2017-09-22 11:55:50.142996+00:00-705-failed" (2 host summaries, 15 events)
deleting "2017-09-22 12:14:32.155996+00:00-706-failed" (2 host summaries, 7 events)
deleting "2017-09-22 12:19:25.529641+00:00-708-successful" (1 host summaries, 12 events)
deleting "2017-09-22 12:22:50.830030+00:00-709-successful" (1 host summaries, 20 events)
deleting "2017-09-22 12:23:44.049641+00:00-710-failed" (2 host summaries, 15 events)
deleting "2017-09-22 12:39:58.678349+00:00-711-successful" (1 host summaries, 8 events)
deleting "2017-09-22 12:40:59.622778+00:00-712-successful" (1 host summaries, 8 events)
deleting "2017-09-22 12:41:43.012088+00:00-713-successful" (1 host summaries, 8 events)
deleting "2017-09-22 12:42:56.403004+00:00-714-successful" (1 host summaries, 8 events)
deleting "2017-09-22 12:45:28.491487+00:00-715-successful" (1 host summaries, 8 events)
deleting "2017-09-22 13:35:19.518587+00:00-716-failed" (0 host summaries, 2 events)
deleting "2017-09-22 13:36:15.217558+00:00-717-successful" (1 host summaries, 8 events)
deleting "2017-09-22 13:42:43.522977+00:00-718-successful" (1 host summaries, 8 events)
deleting "2017-09-22 13:43:54.724096+00:00-719-successful" (1 host summaries, 8 events)
deleting "2017-09-22 13:47:54.287968+00:00-720-successful" (1 host summaries, 8 events)
deleting "2017-09-22 14:01:38.233574+00:00-721-successful" (1 host summaries, 8 events)
deleting "2017-09-22 14:11:05.555242+00:00-722-successful" (1 host summaries, 8 events)
deleting "2017-09-22 14:19:02.321777+00:00-723-successful" (1 host summaries, 8 events)
deleting "2017-09-22 14:40:25.104260+00:00-724-successful" (1 host summaries, 8 events)
deleting "2017-09-22 14:45:18.750318+00:00-725-successful" (1 host summaries, 8 events)
deleting "2017-09-22 14:48:01.335668+00:00-726-successful" (1 host summaries, 12 events)
deleting "2017-09-23 08:12:26.406417+00:00-727-successful" (1 host summaries, 8 events)
deleting "2017-09-23 08:14:12.899698+00:00-728-successful" (1 host summaries, 8 events)
deleting "2017-09-23 08:15:11.739512+00:00-729-successful" (1 host summaries, 8 events)
deleting "2017-09-23 08:16:02.617739+00:00-730-successful" (1 host summaries, 8 events)
deleting "2017-09-23 08:24:12.943895+00:00-731-successful" (1 host summaries, 8 events)
deleting "2017-09-23 08:37:13.176136+00:00-732-successful" (1 host summaries, 8 events)
deleting "2017-09-23 08:40:22.535951+00:00-733-successful" (1 host summaries, 12 events)
deleting "2017-09-23 08:41:29.444978+00:00-734-successful" (1 host summaries, 8 events)
deleting "2017-09-23 08:42:29.886584+00:00-735-successful" (1 host summaries, 8 events)
deleting "2017-09-23 08:43:27.877916+00:00-736-successful" (1 host summaries, 8 events)
deleting "2017-09-23 09:05:29.184235+00:00-737-successful" (1 host summaries, 8 events)
deleting "2017-09-23 09:11:09.756938+00:00-738-successful" (1 host summaries, 16 events)
jobs: 229 deleted, 778 skipped.
ad hoc commands: 0 deleted, 0 skipped.
project updates: 0 deleted, 1 skipped.
inventory updates: 0 deleted, 42 skipped.
deleting "2017-09-17 18:15:55.374554+00:00-472-successful" (type cleanup_jobs)
deleting "2017-09-19 18:15:52.256742+00:00-550-successful" (type cleanup_activitystream)
management jobs: 2 deleted, 36 skipped.
deleting "2017-09-16 18:23:41.743233+00:00-445-successful" (2 nodes)
deleting "2017-09-16 18:30:59.335193+00:00-447-successful" (2 nodes)
deleting "2017-09-17 05:08:43.136518+00:00-450-successful" (2 nodes)
deleting "2017-09-17 05:15:19.999872+00:00-453-successful" (2 nodes)
deleting "2017-09-17 05:26:17.515313+00:00-458-successful" (2 nodes)
deleting "2017-09-17 05:33:11.460160+00:00-461-successful" (2 nodes)
deleting "2017-09-17 05:51:19.496584+00:00-464-successful" (2 nodes)
deleting "2017-09-18 09:15:58.602772+00:00-481-successful" (4 nodes)
deleting "2017-09-18 09:27:31.269996+00:00-483-successful" (4 nodes)
deleting "2017-09-18 09:42:19.192250+00:00-486-successful" (4 nodes)
deleting "2017-09-18 14:33:25.866650+00:00-507-successful" (4 nodes)
deleting "2017-09-19 05:18:06.212527+00:00-514-successful" (4 nodes)
deleting "2017-09-19 08:58:07.829810+00:00-519-successful" (4 nodes)
deleting "2017-09-19 09:22:57.764696+00:00-523-successful" (4 nodes)
deleting "2017-09-19 10:32:37.919074+00:00-528-successful" (4 nodes)
deleting "2017-09-19 13:26:37.034014+00:00-533-successful" (2 nodes)
deleting "2017-09-19 13:53:02.326477+00:00-535-successful" (1 nodes)
deleting "2017-09-19 13:56:52.898223+00:00-537-successful" (1 nodes)
deleting "2017-09-19 14:04:01.552053+00:00-540-successful" (1 nodes)
deleting "2017-09-19 14:08:30.535073+00:00-543-successful" (1 nodes)
deleting "2017-09-19 14:14:21.421978+00:00-546-successful" (1 nodes)
deleting "2017-09-19 14:19:46.978750+00:00-548-successful" (1 nodes)
deleting "2017-09-20 05:50:05.228813+00:00-556-successful" (2 nodes)
deleting "2017-09-20 06:00:12.965288+00:00-559-successful" (2 nodes)
deleting "2017-09-20 06:05:00.859640+00:00-562-successful" (2 nodes)
deleting "2017-09-20 06:12:39.928168+00:00-565-successful" (2 nodes)
deleting "2017-09-20 06:29:26.762484+00:00-568-successful" (3 nodes)
deleting "2017-09-20 06:37:45.459090+00:00-572-successful" (3 nodes)
deleting "2017-09-20 08:37:46.698102+00:00-578-successful" (5 nodes)
deleting "2017-09-20 08:40:56.833187+00:00-580-successful" (5 nodes)
deleting "2017-09-20 09:12:11.889635+00:00-586-successful" (5 nodes)
deleting "2017-09-20 09:31:16.537672+00:00-589-successful" (5 nodes)
deleting "2017-09-20 09:38:25.620963+00:00-592-successful" (5 nodes)
deleting "2017-09-20 10:27:02.365213+00:00-598-successful" (5 nodes)
deleting "2017-09-20 10:53:57.519142+00:00-602-successful" (5 nodes)
deleting "2017-09-20 10:59:27.893360+00:00-605-successful" (5 nodes)
deleting "2017-09-20 11:18:39.879898+00:00-608-successful" (5 nodes)
deleting "2017-09-20 11:29:50.939857+00:00-611-successful" (5 nodes)
deleting "2017-09-20 11:37:44.865231+00:00-614-successful" (5 nodes)
deleting "2017-09-20 11:42:32.269971+00:00-617-successful" (5 nodes)
deleting "2017-09-20 13:48:17.317467+00:00-626-successful" (3 nodes)
deleting "2017-09-20 13:56:00.223441+00:00-629-successful" (3 nodes)
deleting "2017-09-20 13:57:37.707645+00:00-631-successful" (3 nodes)
deleting "2017-09-20 14:59:21.737902+00:00-647-successful" (3 nodes)
deleting "2017-09-20 15:14:13.180156+00:00-651-successful" (5 nodes)
deleting "2017-09-21 04:36:38.146542+00:00-654-successful" (3 nodes)
deleting "2017-09-21 12:41:10.338774+00:00-674-successful" (2 nodes)
deleting "2017-09-21 12:50:49.227586+00:00-677-successful" (2 nodes)
deleting "2017-09-21 12:59:11.782484+00:00-680-successful" (2 nodes)
deleting "2017-09-21 14:26:56.325082+00:00-684-successful" (2 nodes)
deleting "2017-09-22 06:53:24.626386+00:00-687-successful" (3 nodes)
deleting "2017-09-22 11:20:21.257663+00:00-693-successful" (3 nodes)
deleting "2017-09-22 11:28:46.353115+00:00-696-successful" (3 nodes)
deleting "2017-09-22 11:30:50.166442+00:00-698-successful" (3 nodes)
deleting "2017-09-22 12:19:11.454291+00:00-707-successful" (3 nodes)
workflow jobs: 55 deleted, 97 skipped.
notifications: 0 deleted, 0 skipped.
