deleting "2017-09-25 04:25:37.140852+00:00-740-successful" (1 host summaries, 8 events)
deleting "2017-09-25 04:26:42.742121+00:00-741-successful" (1 host summaries, 8 events)
deleting "2017-09-25 04:28:44.902135+00:00-742-successful" (1 host summaries, 8 events)
deleting "2017-09-25 04:32:41.848053+00:00-743-successful" (1 host summaries, 8 events)
deleting "2017-09-25 04:37:22.386360+00:00-744-successful" (1 host summaries, 12 events)
deleting "2017-09-26 07:12:09.015067+00:00-746-successful" (1 host summaries, 12 events)
deleting "2017-09-26 08:32:13.369394+00:00-749-successful" (1 host summaries, 12 events)
deleting "2017-09-26 08:35:37.090938+00:00-750-successful" (1 host summaries, 20 events)
deleting "2017-09-26 09:41:44.440520+00:00-753-successful" (1 host summaries, 12 events)
deleting "2017-09-26 09:45:43.836921+00:00-754-successful" (1 host summaries, 20 events)
deleting "2017-09-26 09:49:50.701238+00:00-755-failed" (2 host summaries, 13 events)
deleting "2017-09-26 12:30:59.179888+00:00-757-successful" (1 host summaries, 12 events)
deleting "2017-09-26 12:34:25.927695+00:00-758-failed" (1 host summaries, 11 events)
deleting "2017-09-26 12:39:23.139019+00:00-759-failed" (1 host summaries, 11 events)
deleting "2017-09-26 12:41:18.954104+00:00-760-failed" (1 host summaries, 11 events)
deleting "2017-09-26 12:42:19.274254+00:00-761-canceled" (0 host summaries, 65 events)
deleting "2017-09-26 13:00:52.952570+00:00-762-canceled" (0 host summaries, 64 events)
deleting "2017-09-26 13:02:52.337490+00:00-763-successful" (1 host summaries, 76 events)
deleting "2017-09-26 13:10:26.449794+00:00-765-canceled" (0 host summaries, 4 events)
deleting "2017-09-26 13:11:46.491756+00:00-767-successful" (1 host summaries, 12 events)
deleting "2017-09-26 13:15:02.007857+00:00-768-successful" (1 host summaries, 76 events)
deleting "2017-09-26 13:39:28.302797+00:00-769-successful" (1 host summaries, 8 events)
deleting "2017-09-26 13:48:02.369360+00:00-770-successful" (1 host summaries, 11 events)
deleting "2017-09-26 13:48:12.385772+00:00-771-failed" (2 host summaries, 19 events)
deleting "2017-09-27 02:35:23.034459+00:00-774-successful" (1 host summaries, 12 events)
deleting "2017-09-27 02:38:49.635664+00:00-777-successful" (1 host summaries, 12 events)
deleting "2017-09-27 02:42:11.566071+00:00-778-successful" (1 host summaries, 76 events)
deleting "2017-09-27 02:59:41.154095+00:00-779-successful" (1 host summaries, 8 events)
deleting "2017-09-27 03:08:20.041360+00:00-780-successful" (1 host summaries, 11 events)
deleting "2017-09-27 03:32:44.159987+00:00-784-successful" (1 host summaries, 12 events)
deleting "2017-09-27 03:36:06.039255+00:00-787-successful" (1 host summaries, 20 events)
deleting "2017-09-27 03:36:06.543586+00:00-788-successful" (1 host summaries, 12 events)
deleting "2017-09-27 03:37:41.569228+00:00-789-failed" (2 host summaries, 19 events)
deleting "2017-09-27 03:39:44.356252+00:00-790-successful" (1 host summaries, 76 events)
deleting "2017-09-27 04:04:24.871803+00:00-791-successful" (1 host summaries, 8 events)
deleting "2017-09-27 04:13:05.005475+00:00-792-successful" (1 host summaries, 11 events)
deleting "2017-09-27 04:13:13.151622+00:00-793-failed" (2 host summaries, 16 events)
deleting "2017-09-27 05:07:46.017467+00:00-799-successful" (1 host summaries, 12 events)
deleting "2017-09-27 05:11:05.874506+00:00-800-successful" (1 host summaries, 76 events)
deleting "2017-09-27 05:35:18.657919+00:00-801-successful" (1 host summaries, 8 events)
deleting "2017-09-27 05:44:36.862206+00:00-802-successful" (1 host summaries, 11 events)
deleting "2017-09-27 05:44:45.066480+00:00-803-failed" (2 host summaries, 13 events)
deleting "2017-09-27 06:43:48.685630+00:00-805-successful" (1 host summaries, 12 events)
deleting "2017-09-27 06:47:09.027505+00:00-806-successful" (1 host summaries, 76 events)
deleting "2017-09-27 07:14:39.701853+00:00-807-successful" (1 host summaries, 8 events)
deleting "2017-09-27 07:24:08.843027+00:00-808-successful" (1 host summaries, 11 events)
deleting "2017-09-27 07:24:16.815714+00:00-809-failed" (2 host summaries, 13 events)
deleting "2017-09-27 11:13:43.682551+00:00-814-failed" (1 host summaries, 6 events)
deleting "2017-09-27 11:41:51.055799+00:00-816-failed" (1 host summaries, 6 events)
deleting "2017-09-28 06:14:01.267739+00:00-819-successful" (1 host summaries, 12 events)
deleting "2017-09-28 06:17:18.213950+00:00-820-successful" (1 host summaries, 76 events)
deleting "2017-09-28 06:32:47.893622+00:00-821-successful" (1 host summaries, 8 events)
deleting "2017-09-28 06:42:16.965359+00:00-822-successful" (1 host summaries, 11 events)
deleting "2017-09-28 06:42:25.315306+00:00-823-failed" (2 host summaries, 13 events)
deleting "2017-09-28 14:33:04.344838+00:00-824-successful" (1 host summaries, 16 events)
jobs: 55 deleted, 729 skipped.
ad hoc commands: 0 deleted, 0 skipped.
project updates: 0 deleted, 1 skipped.
deleting "2017-09-27 08:26:49.730954+00:00-810-failed" (source cloudforms)
deleting "2017-09-27 11:41:49.055799+00:00-817-successful" (source cloudforms)
deleting "2017-09-27 08:29:15.252554+00:00-811-successful" (source cloudforms)
deleting "2017-09-27 11:13:41.682551+00:00-815-successful" (source cloudforms)
deleting "2017-09-27 10:50:53.204502+00:00-813-successful" (source cloudforms)
inventory updates: 5 deleted, 37 skipped.
deleting "2017-09-24 18:15:57.217994+00:00-739-successful" (type cleanup_jobs)
deleting "2017-09-26 18:15:51.704505+00:00-772-successful" (type cleanup_activitystream)
management jobs: 2 deleted, 36 skipped.
deleting "2017-09-26 07:12:04.641293+00:00-745-successful" (3 nodes)
deleting "2017-09-26 08:31:51.648885+00:00-748-successful" (3 nodes)
deleting "2017-09-26 09:41:32.986325+00:00-752-successful" (3 nodes)
deleting "2017-09-26 12:30:56.920551+00:00-756-successful" (5 nodes)
deleting "2017-09-26 13:10:15.548494+00:00-764-canceled" (5 nodes)
deleting "2017-09-26 13:11:38.958295+00:00-766-successful" (5 nodes)
deleting "2017-09-27 02:35:03.483866+00:00-773-successful" (3 nodes)
deleting "2017-09-27 02:37:06.357662+00:00-775-successful" (5 nodes)
deleting "2017-09-27 03:30:00.671444+00:00-783-successful" (3 nodes)
deleting "2017-09-27 03:35:21.357644+00:00-786-successful" (5 nodes)
deleting "2017-09-27 04:41:51.020482+00:00-795-successful" (2 nodes)
deleting "2017-09-27 04:47:36.082572+00:00-797-canceled" (2 nodes)
deleting "2017-09-27 04:49:48.334564+00:00-798-successful" (5 nodes)
deleting "2017-09-27 06:43:42.338878+00:00-804-successful" (5 nodes)
deleting "2017-09-28 06:13:47.727867+00:00-818-successful" (5 nodes)
workflow jobs: 15 deleted, 82 skipped.
notifications: 0 deleted, 0 skipped.
