Identity added: /tmp/ansible_tower_reJaJk/credential (/tmp/ansible_tower_reJaJk/credential)
[KeyJ1dWlkIjogIjMwZGQyNDEzLTA0ZTItNDliYi1iMjhmLWFjYTkyNGU5NGM0MyJ9[64D[K[Ke30=[4D[K[KeyJ1dWlkIjogIjAwNTA1NmJiLTRlMDctNGVmMC1iMjQzLTAwMDAwMDAwMDAwNSJ9[64D[K
PLAY [all] *********************************************************************
[Ke30=[4D[K[KeyJ1dWlkIjogIjAwNTA1NmJiLTRlMDctNGVmMC1iMjQzLTAwMDAwMDAwMDAyYSJ9[64D[K
TASK [Gathering Facts] *********************************************************
[Ke30=[4D[K[KeyJ1dWlkIjogImZkZjc5YTNmLTRjNjMtNDJmNC05YTQ1LTI4Y2U5NjdiM2M5OSJ9[64D[K[0;32mok: [sdx-wrp-10][0m
[Ke30=[4D[K[KeyJ1dWlkIjogIjAwNTA1NmJiLTRlMDctNGVmMC1iMjQzLTAwMDAwMDAwMDAwNyJ9[64D[K
TASK [Install Package] *********************************************************
[Ke30=[4D[K[KeyJ1dWlkIjogIjZmNjVlZjkxLTk3ZGYtNDRkNS05YzIwLThlZTk3MTIzMTgwMCJ9[64D[K[0;33mchanged: [sdx-wrp-10] => (item=[u'httpd', u'unzip', u'mariadb-server', u'mariadb', u'php', u'php-mysql', u'php-gd', u'php-ldap', u'php-odbc', u'php-pear', u'php-xml', u'php-xmlrpc', u'php-mbstring', u'php-snmp', u'php-soap', u'curl'])[0m
[Ke30=[4D[K[KeyJ1dWlkIjogIjk3MGE3YTY2LTQ0YjktNDMzZC05NzM5LWEzZTA2ZmE3ZTM1MiJ9[64D[K[Ke30=[4D[K[KeyJ1dWlkIjogIjAwNTA1NmJiLTRlMDctNGVmMC1iMjQzLTAwMDAwMDAwMDAwOSJ9[64D[K
TASK [start httpd Service] *****************************************************
[Ke30=[4D[K[KeyJ1dWlkIjogIjY4ODhlNGRjLTRiNTItNGJhZC04N2M2LWJiM2JjN2M5ZmI5OSJ9[64D[K[0;33mchanged: [sdx-wrp-10][0m
[Ke30=[4D[K[KeyJ1dWlkIjogIjAwNTA1NmJiLTRlMDctNGVmMC1iMjQzLTAwMDAwMDAwMDAwYiJ9[64D[K
TASK [start mariadb Service] ***************************************************
[Ke30=[4D[K[KeyJ1dWlkIjogIjM3Yjk5ZjQwLWY0Y2UtNGVmYi1hZjhkLTgzMjAzODc3OTUzMiJ9[64D[K[0;33mchanged: [sdx-wrp-10][0m
[Ke30=[4D[K[KeyJ1dWlkIjogIjAwNTA1NmJiLTRlMDctNGVmMC1iMjQzLTAwMDAwMDAwMDAwZCJ9[64D[K
TASK [Set MySQL root password] *************************************************
[Ke30=[4D[K[KeyJ1dWlkIjogIjM1MTMwN2RkLWZhNjMtNDA3Zi04NmFhLTVjYTg3ODkxY2M1MyJ9[64D[K[0;33mchanged: [sdx-wrp-10][0m
[Ke30=[4D[K[KeyJ1dWlkIjogIjAwNTA1NmJiLTRlMDctNGVmMC1iMjQzLTAwMDAwMDAwMDAwZiJ9[64D[K
TASK [Copy mysql commands file into /tmp] **************************************
[Ke30=[4D[K[KeyJ1dWlkIjogImYzNjQzZWNjLWYzOTAtNDc1NC05NmE2LTI2ZDIxMzllMjhlZCJ9[64D[K[0;33mchanged: [sdx-wrp-10][0m
[Ke30=[4D[K[KeyJ1dWlkIjogIjAwNTA1NmJiLTRlMDctNGVmMC1iMjQzLTAwMDAwMDAwMDAxMSJ9[64D[K
TASK [Setup database for wordpress] ********************************************
[Ke30=[4D[K[KeyJ1dWlkIjogImNiOTc0ZjAxLWNkYTUtNDUwMi05ZmQ1LTA0OTRjZWU0ZjkxNyJ9[64D[K[0;33mchanged: [sdx-wrp-10][0m
[Ke30=[4D[K[KeyJ1dWlkIjogIjAwNTA1NmJiLTRlMDctNGVmMC1iMjQzLTAwMDAwMDAwMDAxMyJ9[64D[K
TASK [Download Wordpress] ******************************************************
[Ke30=[4D[K[KeyJ1dWlkIjogIjBiNDFjNWIxLTFmMmYtNDA4MC1iMTRhLWU2OWEwNmExYTgyMyJ9[64D[K[0;33mchanged: [sdx-wrp-10][0m
[Ke30=[4D[K[KeyJ1dWlkIjogIjAwNTA1NmJiLTRlMDctNGVmMC1iMjQzLTAwMDAwMDAwMDAxNSJ9[64D[K
TASK [Unzip Wordpress Zip file] ************************************************
[Ke30=[4D[K[1;35m [WARNING]: Consider using unarchive module rather than running unzip[0m
[1;35m[0m
[KeyJ1dWlkIjogImQyM2Y5N2ZkLTkwZDQtNDBiZi05Y2MyLTJkYzQ1ZDNmMmI5MSJ9[64D[K[0;33mchanged: [sdx-wrp-10][0m
[Ke30=[4D[K[KeyJ1dWlkIjogIjAwNTA1NmJiLTRlMDctNGVmMC1iMjQzLTAwMDAwMDAwMDAxNyJ9[64D[K
TASK [Copy wordpress files to webroot] *****************************************
[Ke30=[4D[K[KeyJ1dWlkIjogIjkyMWIxN2UxLTEyY2UtNDM3My1hYTEwLTY3NTZhYjlhYTAzZSJ9[64D[K[0;33mchanged: [sdx-wrp-10][0m
[Ke30=[4D[K[KeyJ1dWlkIjogIjAwNTA1NmJiLTRlMDctNGVmMC1iMjQzLTAwMDAwMDAwMDAxOSJ9[64D[K
TASK [Remove Index.html] *******************************************************
[Ke30=[4D[K[KeyJ1dWlkIjogIjJmY2RhYjkyLTgxNDEtNDMzZC05NzIzLWZjMWY4MzBlOWYyZSJ9[64D[K[0;32mok: [sdx-wrp-10][0m
[Ke30=[4D[K[KeyJ1dWlkIjogIjAwNTA1NmJiLTRlMDctNGVmMC1iMjQzLTAwMDAwMDAwMDAxYiJ9[64D[K
TASK [HTML Directory Permissions] **********************************************
[Ke30=[4D[K[1;35m [WARNING]: Consider using file module with mode rather than running chmod[0m
[1;35m[0m
[KeyJ1dWlkIjogImVkZTY4M2JkLTc2N2MtNDYyZS1hYjczLTY5NWU0ZTRjYjRkOCJ9[64D[K[0;33mchanged: [sdx-wrp-10][0m
[Ke30=[4D[K[KeyJ1dWlkIjogIjAwNTA1NmJiLTRlMDctNGVmMC1iMjQzLTAwMDAwMDAwMDAxZCJ9[64D[K
TASK [HTML Directory Owner] ****************************************************
[Ke30=[4D[K[1;35m [WARNING]: Consider using file module with owner rather than running chown[0m
[1;35m[0m
[KeyJ1dWlkIjogIjU2MjNiN2U3LTAxMDItNDIyMy05OTZkLWQ0NzZkNzgzNjI1NCJ9[64D[K[0;33mchanged: [sdx-wrp-10][0m
[Ke30=[4D[K[KeyJ1dWlkIjogIjAwNTA1NmJiLTRlMDctNGVmMC1iMjQzLTAwMDAwMDAwMDAxZiJ9[64D[K
TASK [Copy Wordpress Config File in Target Location] ***************************
[Ke30=[4D[K[KeyJ1dWlkIjogIjJmYzI5MzFiLTQ4NmQtNGVjMi1hYTkxLTU0ZDZhYjQ1YTlhMyJ9[64D[K[0;33mchanged: [sdx-wrp-10][0m
[Ke30=[4D[K[KeyJ1dWlkIjogIjAwNTA1NmJiLTRlMDctNGVmMC1iMjQzLTAwMDAwMDAwMDAyMSJ9[64D[K
TASK [Restart HTTPD] ***********************************************************
[Ke30=[4D[K[KeyJ1dWlkIjogImRlYjljNTE2LTRkYjItNGYwNi04ZWM5LWZiZjYxZWY3ZGI3MiJ9[64D[K[0;33mchanged: [sdx-wrp-10][0m
[Ke30=[4D[K[KeyJ1dWlkIjogIjgxNGRiOGVkLTllY2MtNDBhMy04ZmVlLTExZTg5YjMwNDFlMCJ9[64D[K
PLAY RECAP *********************************************************************
[0;33msdx-wrp-10[0m                 : [0;32mok=15  [0m [0;33mchanged=13  [0m unreachable=0    failed=0   

[Ke30=[4D[K