deleting "2017-10-02 13:45:52.653663+00:00-830-successful" (1 host summaries, 14 events)
deleting "2017-10-02 13:46:28.085283+00:00-831-successful" (1 host summaries, 14 events)
deleting "2017-10-02 14:04:36.318413+00:00-832-successful" (1 host summaries, 21 events)
deleting "2017-10-02 14:08:46.981025+00:00-833-successful" (1 host summaries, 21 events)
deleting "2017-10-02 14:09:25.258994+00:00-834-successful" (1 host summaries, 21 events)
deleting "2017-10-03 06:57:43.591736+00:00-836-successful" (1 host summaries, 20 events)
deleting "2017-10-03 07:01:02.341668+00:00-837-successful" (1 host summaries, 76 events)
deleting "2017-10-03 07:09:50.680045+00:00-838-successful" (1 host summaries, 8 events)
deleting "2017-10-03 07:18:24.253885+00:00-839-successful" (1 host summaries, 11 events)
deleting "2017-10-03 07:18:34.138641+00:00-840-failed" (2 host summaries, 13 events)
deleting "2017-10-03 10:32:39.927469+00:00-841-failed" (0 host summaries, 2 events)
deleting "2017-10-03 10:35:10.014970+00:00-842-failed" (0 host summaries, 2 events)
deleting "2017-10-03 10:36:33.370892+00:00-843-failed" (0 host summaries, 2 events)
deleting "2017-10-03 10:37:11.634518+00:00-844-failed" (0 host summaries, 2 events)
deleting "2017-10-03 10:39:53.458291+00:00-845-failed" (0 host summaries, 2 events)
deleting "2017-10-03 10:40:56.641996+00:00-846-failed" (0 host summaries, 2 events)
deleting "2017-10-03 10:45:15.387323+00:00-847-failed" (0 host summaries, 2 events)
deleting "2017-10-03 10:46:20.771870+00:00-848-failed" (1 host summaries, 6 events)
deleting "2017-10-03 10:50:56.791187+00:00-849-failed" (1 host summaries, 6 events)
deleting "2017-10-03 11:19:33.211255+00:00-850-failed" (1 host summaries, 6 events)
deleting "2017-10-03 11:34:09.926759+00:00-851-failed" (1 host summaries, 6 events)
deleting "2017-10-03 12:14:52.058266+00:00-852-successful" (1 host summaries, 78 events)
deleting "2017-10-03 13:39:37.587279+00:00-853-failed" (1 host summaries, 6 events)
deleting "2017-10-04 05:13:19.362399+00:00-855-failed" (1 host summaries, 6 events)
deleting "2017-10-04 06:23:57.562630+00:00-857-successful" (1 host summaries, 20 events)
deleting "2017-10-04 06:27:25.763449+00:00-858-successful" (1 host summaries, 78 events)
deleting "2017-10-04 06:40:26.821101+00:00-859-successful" (1 host summaries, 8 events)
deleting "2017-10-04 06:49:30.561055+00:00-860-successful" (1 host summaries, 11 events)
deleting "2017-10-04 06:49:37.802782+00:00-861-failed" (1 host summaries, 7 events)
deleting "2017-10-04 06:53:53.864402+00:00-862-successful" (1 host summaries, 17 events)
deleting "2017-10-04 09:51:42.544022+00:00-864-successful" (1 host summaries, 20 events)
deleting "2017-10-04 09:55:12.537420+00:00-865-successful" (1 host summaries, 78 events)
deleting "2017-10-04 10:04:33.793303+00:00-866-successful" (1 host summaries, 8 events)
deleting "2017-10-04 10:13:55.289750+00:00-867-successful" (1 host summaries, 11 events)
deleting "2017-10-04 10:14:11.679070+00:00-868-successful" (1 host summaries, 17 events)
deleting "2017-10-04 10:54:44.064973+00:00-870-successful" (1 host summaries, 20 events)
deleting "2017-10-04 10:58:10.204744+00:00-871-successful" (1 host summaries, 78 events)
deleting "2017-10-04 11:05:58.383620+00:00-872-successful" (1 host summaries, 8 events)
deleting "2017-10-04 11:14:33.611807+00:00-873-successful" (1 host summaries, 11 events)
deleting "2017-10-04 11:14:43.114765+00:00-874-successful" (1 host summaries, 17 events)
deleting "2017-10-04 13:45:27.837295+00:00-875-successful" (1 host summaries, 16 events)
deleting "2017-10-05 11:54:40.885718+00:00-876-successful" (1 host summaries, 12 events)
deleting "2017-10-05 12:47:48.891619+00:00-877-successful" (1 host summaries, 12 events)
deleting "2017-10-05 12:54:29.755124+00:00-878-successful" (1 host summaries, 12 events)
deleting "2017-10-06 05:34:22.236652+00:00-879-successful" (1 host summaries, 21 events)
deleting "2017-10-06 06:04:46.552476+00:00-881-successful" (1 host summaries, 20 events)
deleting "2017-10-06 06:08:14.550060+00:00-882-successful" (1 host summaries, 78 events)
deleting "2017-10-06 06:17:11.993512+00:00-883-successful" (1 host summaries, 8 events)
deleting "2017-10-06 06:26:45.032810+00:00-884-successful" (1 host summaries, 11 events)
deleting "2017-10-06 06:26:57.805432+00:00-885-successful" (1 host summaries, 17 events)
deleting "2017-10-06 06:37:08.237237+00:00-886-successful" (1 host summaries, 16 events)
deleting "2017-10-06 07:12:55.509642+00:00-887-successful" (1 host summaries, 12 events)
deleting "2017-10-06 07:26:42.736619+00:00-888-successful" (1 host summaries, 12 events)
deleting "2017-10-06 13:52:35.034321+00:00-890-successful" (1 host summaries, 20 events)
deleting "2017-10-06 13:55:55.053791+00:00-891-successful" (1 host summaries, 78 events)
deleting "2017-10-06 14:03:28.881820+00:00-892-successful" (1 host summaries, 8 events)
deleting "2017-10-06 14:12:47.620542+00:00-893-successful" (1 host summaries, 11 events)
deleting "2017-10-06 14:12:55.692262+00:00-894-successful" (1 host summaries, 17 events)
deleting "2017-10-07 06:31:31.623502+00:00-895-successful" (1 host summaries, 16 events)
deleting "2017-10-07 07:12:53.342736+00:00-896-successful" (1 host summaries, 16 events)
jobs: 60 deleted, 770 skipped.
ad hoc commands: 0 deleted, 0 skipped.
project updates: 0 deleted, 1 skipped.
inventory updates: 0 deleted, 40 skipped.
deleting "2017-10-01 18:15:51.969736+00:00-825-successful" (type cleanup_facts)
deleting "2017-10-01 18:15:52.078383+00:00-826-successful" (type cleanup_jobs)
deleting "2017-10-03 18:16:01.860176+00:00-854-successful" (type cleanup_activitystream)
management jobs: 3 deleted, 36 skipped.
deleting "2017-10-03 06:57:30.843351+00:00-835-successful" (5 nodes)
deleting "2017-10-04 06:23:52.218661+00:00-856-successful" (5 nodes)
deleting "2017-10-04 09:51:08.638213+00:00-863-successful" (5 nodes)
deleting "2017-10-04 10:54:34.682044+00:00-869-successful" (5 nodes)
deleting "2017-10-06 06:04:28.077112+00:00-880-successful" (5 nodes)
deleting "2017-10-06 13:52:27.515930+00:00-889-successful" (5 nodes)
workflow jobs: 6 deleted, 85 skipped.
notifications: 0 deleted, 0 skipped.
