deleting "2017-10-08 10:37:26.272567+00:00-897-successful" (1 host summaries, 16 events)
deleting "2017-10-09 05:40:37.076310+00:00-899-successful" (1 host summaries, 8 events)
deleting "2017-10-09 06:43:19.138723+00:00-900-successful" (1 host summaries, 16 events)
deleting "2017-10-09 06:52:23.606973+00:00-901-successful" (1 host summaries, 8 events)
deleting "2017-10-09 07:51:23.425262+00:00-902-successful" (1 host summaries, 8 events)
deleting "2017-10-09 08:09:39.494534+00:00-903-successful" (1 host summaries, 8 events)
deleting "2017-10-09 08:51:33.823810+00:00-904-failed" (1 host summaries, 6 events)
deleting "2017-10-09 08:53:52.589603+00:00-905-failed" (1 host summaries, 8 events)
deleting "2017-10-09 08:59:32.982238+00:00-906-failed" (1 host summaries, 8 events)
deleting "2017-10-09 10:23:41.689290+00:00-907-successful" (1 host summaries, 20 events)
deleting "2017-10-09 10:26:36.771967+00:00-908-successful" (1 host summaries, 20 events)
deleting "2017-10-09 10:55:03.699622+00:00-909-failed" (1 host summaries, 6 events)
deleting "2017-10-09 11:00:22.039351+00:00-910-successful" (1 host summaries, 20 events)
deleting "2017-10-09 11:05:32.840254+00:00-911-successful" (1 host summaries, 20 events)
deleting "2017-10-09 12:14:21.938780+00:00-913-failed" (1 host summaries, 8 events)
deleting "2017-10-09 12:15:29.946154+00:00-914-successful" (1 host summaries, 20 events)
deleting "2017-10-09 12:19:22.015603+00:00-916-failed" (1 host summaries, 10 events)
deleting "2017-10-09 12:25:02.865640+00:00-917-failed" (1 host summaries, 10 events)
deleting "2017-10-09 12:28:22.202152+00:00-919-successful" (1 host summaries, 20 events)
deleting "2017-10-09 12:30:21.059629+00:00-920-successful" (1 host summaries, 20 events)
deleting "2017-10-09 12:31:56.712122+00:00-921-successful" (0 host summaries, 5 events)
deleting "2017-10-09 12:32:03.245633+00:00-922-canceled" (0 host summaries, 0 events)
deleting "2017-10-09 12:41:22.426668+00:00-924-successful" (1 host summaries, 20 events)
deleting "2017-10-09 12:44:57.140988+00:00-925-successful" (0 host summaries, 5 events)
deleting "2017-10-09 12:45:02.682867+00:00-926-successful" (0 host summaries, 6 events)
deleting "2017-10-09 12:45:06.876347+00:00-927-successful" (0 host summaries, 6 events)
deleting "2017-10-09 12:45:11.351963+00:00-928-successful" (0 host summaries, 5 events)
deleting "2017-10-09 12:47:42.599882+00:00-929-successful" (0 host summaries, 5 events)
deleting "2017-10-09 12:52:28.305734+00:00-930-successful" (0 host summaries, 5 events)
deleting "2017-10-09 12:57:10.941914+00:00-931-successful" (0 host summaries, 5 events)
deleting "2017-10-09 12:59:15.777063+00:00-932-successful" (0 host summaries, 5 events)
deleting "2017-10-09 13:00:12.715450+00:00-933-successful" (0 host summaries, 5 events)
deleting "2017-10-09 13:01:25.542769+00:00-934-successful" (0 host summaries, 5 events)
deleting "2017-10-09 13:03:26.407685+00:00-935-successful" (0 host summaries, 5 events)
deleting "2017-10-09 13:08:10.741731+00:00-936-successful" (0 host summaries, 5 events)
deleting "2017-10-09 13:11:31.356829+00:00-937-successful" (0 host summaries, 5 events)
deleting "2017-10-09 13:12:46.093308+00:00-938-successful" (0 host summaries, 5 events)
deleting "2017-10-09 13:13:31.715345+00:00-939-successful" (0 host summaries, 5 events)
deleting "2017-10-09 13:16:40.232435+00:00-940-failed" (1 host summaries, 65 events)
deleting "2017-10-09 13:23:13.533321+00:00-941-failed" (1 host summaries, 63 events)
deleting "2017-10-09 13:28:17.940083+00:00-942-failed" (1 host summaries, 9 events)
deleting "2017-10-09 13:28:37.245519+00:00-943-failed" (1 host summaries, 9 events)
deleting "2017-10-09 13:28:57.429355+00:00-944-canceled" (0 host summaries, 6 events)
deleting "2017-10-09 13:32:03.524077+00:00-946-successful" (1 host summaries, 20 events)
deleting "2017-10-09 13:35:39.835647+00:00-947-successful" (1 host summaries, 75 events)
deleting "2017-10-09 13:40:00.425741+00:00-948-failed" (1 host summaries, 9 events)
deleting "2017-10-09 13:45:45.237430+00:00-949-failed" (1 host summaries, 9 events)
deleting "2017-10-09 13:46:42.141701+00:00-950-failed" (1 host summaries, 9 events)
deleting "2017-10-09 13:49:18.203769+00:00-951-failed" (1 host summaries, 9 events)
deleting "2017-10-09 13:49:43.964048+00:00-952-successful" (1 host summaries, 8 events)
deleting "2017-10-09 14:00:18.341313+00:00-953-successful" (1 host summaries, 11 events)
deleting "2017-10-09 14:00:44.250366+00:00-954-canceled" (0 host summaries, 6 events)
deleting "2017-10-09 14:09:44.182634+00:00-956-successful" (1 host summaries, 20 events)
deleting "2017-10-09 14:13:18.798230+00:00-957-successful" (1 host summaries, 75 events)
deleting "2017-10-09 14:18:22.193139+00:00-958-successful" (1 host summaries, 8 events)
deleting "2017-10-09 14:27:13.169922+00:00-959-successful" (1 host summaries, 11 events)
deleting "2017-10-09 14:27:28.208030+00:00-960-failed" (1 host summaries, 12 events)
deleting "2017-10-10 05:19:57.112971+00:00-961-failed" (1 host summaries, 12 events)
deleting "2017-10-10 06:28:02.852953+00:00-963-successful" (1 host summaries, 12 events)
deleting "2017-10-10 06:58:26.551916+00:00-964-successful" (1 host summaries, 8 events)
deleting "2017-10-10 07:36:43.799252+00:00-966-successful" (1 host summaries, 20 events)
deleting "2017-10-10 07:40:21.283022+00:00-967-successful" (1 host summaries, 75 events)
deleting "2017-10-10 07:46:00.185541+00:00-968-successful" (1 host summaries, 8 events)
deleting "2017-10-10 07:54:09.473350+00:00-969-successful" (1 host summaries, 11 events)
deleting "2017-10-10 07:54:22.968123+00:00-970-failed" (1 host summaries, 12 events)
deleting "2017-10-10 08:41:24.583497+00:00-972-successful" (1 host summaries, 20 events)
deleting "2017-10-10 08:44:55.749414+00:00-974-successful" (1 host summaries, 75 events)
deleting "2017-10-10 08:44:56.320980+00:00-975-successful" (1 host summaries, 12 events)
deleting "2017-10-10 08:49:20.758673+00:00-976-successful" (1 host summaries, 8 events)
deleting "2017-10-10 09:05:23.367165+00:00-977-successful" (1 host summaries, 8 events)
deleting "2017-10-10 09:13:22.976233+00:00-979-successful" (1 host summaries, 11 events)
deleting "2017-10-10 09:13:23.873381+00:00-980-successful" (1 host summaries, 12 events)
deleting "2017-10-10 09:13:45.002306+00:00-981-failed" (1 host summaries, 12 events)
deleting "2017-10-10 09:33:55.836665+00:00-982-successful" (1 host summaries, 8 events)
deleting "2017-10-10 10:28:46.033566+00:00-984-failed" (1 host summaries, 12 events)
deleting "2017-10-10 10:58:55.581624+00:00-985-canceled" (0 host summaries, 18 events)
deleting "2017-10-10 10:59:26.621231+00:00-987-canceled" (0 host summaries, 18 events)
deleting "2017-10-10 11:01:26.571947+00:00-989-successful" (1 host summaries, 20 events)
deleting "2017-10-10 11:05:06.007892+00:00-990-successful" (1 host summaries, 75 events)
deleting "2017-10-10 11:23:07.167226+00:00-991-successful" (1 host summaries, 8 events)
deleting "2017-10-10 11:31:04.003444+00:00-992-successful" (1 host summaries, 11 events)
deleting "2017-10-10 11:31:21.930584+00:00-993-failed" (1 host summaries, 10 events)
deleting "2017-10-10 11:44:12.735898+00:00-994-failed" (0 host summaries, 2 events)
deleting "2017-10-10 11:46:47.096606+00:00-996-canceled" (0 host summaries, 18 events)
deleting "2017-10-10 12:09:36.509354+00:00-997-successful" (1 host summaries, 75 events)
deleting "2017-10-10 12:37:07.926501+00:00-999-successful" (1 host summaries, 12 events)
deleting "2017-10-10 12:57:30.561704+00:00-1000-successful" (1 host summaries, 8 events)
deleting "2017-10-10 13:02:23.113184+00:00-1002-canceled" (0 host summaries, 6 events)
deleting "2017-10-10 13:03:48.233657+00:00-1004-successful" (1 host summaries, 12 events)
deleting "2017-10-10 13:20:51.559070+00:00-1005-successful" (1 host summaries, 8 events)
deleting "2017-10-10 13:25:50.658801+00:00-1006-successful" (1 host summaries, 12 events)
deleting "2017-10-10 13:25:53.325488+00:00-1007-successful" (1 host summaries, 8 events)
deleting "2017-10-10 13:49:48.854281+00:00-1009-successful" (1 host summaries, 20 events)
deleting "2017-10-10 13:53:31.838031+00:00-1010-successful" (1 host summaries, 75 events)
deleting "2017-10-10 13:54:58.397347+00:00-1011-successful" (1 host summaries, 8 events)
deleting "2017-10-10 14:03:04.838686+00:00-1012-successful" (1 host summaries, 11 events)
deleting "2017-10-10 14:03:29.073854+00:00-1013-failed" (1 host summaries, 14 events)
deleting "2017-10-11 09:15:56.431685+00:00-1022-failed" (1 host summaries, 6 events)
deleting "2017-10-11 09:15:57.235856+00:00-1023-successful" (1 host summaries, 20 events)
deleting "2017-10-11 09:16:18.934263+00:00-1024-failed" (1 host summaries, 6 events)
deleting "2017-10-11 09:16:32.865504+00:00-1025-failed" (1 host summaries, 7 events)
deleting "2017-10-12 11:03:37.284704+00:00-1026-successful" (1 host summaries, 16 events)
deleting "2017-10-12 11:04:36.917644+00:00-1027-successful" (1 host summaries, 20 events)
deleting "2017-10-12 11:04:39.542368+00:00-1028-failed" (1 host summaries, 6 events)
deleting "2017-10-12 11:04:57.767456+00:00-1029-failed" (1 host summaries, 6 events)
deleting "2017-10-12 11:05:02.863584+00:00-1030-failed" (1 host summaries, 7 events)
deleting "2017-10-12 11:05:23.269680+00:00-1031-successful" (1 host summaries, 20 events)
deleting "2017-10-12 11:05:26.241970+00:00-1032-failed" (1 host summaries, 6 events)
deleting "2017-10-12 11:05:45.990622+00:00-1033-failed" (1 host summaries, 7 events)
deleting "2017-10-12 11:05:46.152039+00:00-1034-failed" (1 host summaries, 6 events)
deleting "2017-10-13 07:02:32.082767+00:00-1036-successful" (1 host summaries, 12 events)
deleting "2017-10-13 07:19:35.561326+00:00-1037-successful" (1 host summaries, 8 events)
deleting "2017-10-13 07:20:40.946489+00:00-1038-successful" (0 host summaries, 6 events)
deleting "2017-10-13 07:20:44.650921+00:00-1039-successful" (1 host summaries, 21 events)
deleting "2017-10-13 07:20:51.333693+00:00-1040-failed" (0 host summaries, 3 events)
deleting "2017-10-13 07:24:39.781620+00:00-1041-successful" (1 host summaries, 8 events)
deleting "2017-10-13 07:26:48.052371+00:00-1042-failed" (0 host summaries, 2 events)
deleting "2017-10-13 07:28:01.138141+00:00-1043-failed" (1 host summaries, 8 events)
deleting "2017-10-13 07:31:30.631556+00:00-1044-successful" (1 host summaries, 21 events)
deleting "2017-10-13 07:33:23.346726+00:00-1045-successful" (1 host summaries, 21 events)
deleting "2017-10-13 07:33:57.151680+00:00-1046-failed" (1 host summaries, 10 events)
jobs: 121 deleted, 723 skipped.
ad hoc commands: 0 deleted, 0 skipped.
project updates: 0 deleted, 1 skipped.
inventory updates: 0 deleted, 42 skipped.
deleting "2017-10-08 18:15:52.238449+00:00-898-successful" (type cleanup_jobs)
deleting "2017-10-10 18:15:47.173264+00:00-1014-successful" (type cleanup_activitystream)
management jobs: 2 deleted, 36 skipped.
deleting "2017-10-09 12:13:46.767760+00:00-912-successful" (5 nodes)
deleting "2017-10-09 12:19:18.836265+00:00-915-successful" (5 nodes)
deleting "2017-10-09 12:28:18.899589+00:00-918-canceled" (5 nodes)
deleting "2017-10-09 12:40:43.563316+00:00-923-successful" (5 nodes)
deleting "2017-10-09 13:31:43.862799+00:00-945-successful" (5 nodes)
deleting "2017-10-09 14:09:24.249642+00:00-955-successful" (5 nodes)
deleting "2017-10-10 06:27:52.185332+00:00-962-successful" (2 nodes)
deleting "2017-10-10 07:36:38.869041+00:00-965-successful" (5 nodes)
deleting "2017-10-10 08:41:05.557558+00:00-971-successful" (5 nodes)
deleting "2017-10-10 08:43:10.540566+00:00-973-successful" (2 nodes)
deleting "2017-10-10 09:10:59.975454+00:00-978-successful" (2 nodes)
deleting "2017-10-10 10:28:31.150701+00:00-983-successful" (5 nodes)
deleting "2017-10-10 10:59:15.071744+00:00-986-successful" (5 nodes)
deleting "2017-10-10 11:01:10.854610+00:00-988-successful" (5 nodes)
deleting "2017-10-10 11:46:35.721534+00:00-995-successful" (5 nodes)
deleting "2017-10-10 12:37:02.678057+00:00-998-successful" (2 nodes)
deleting "2017-10-10 13:02:13.674943+00:00-1001-canceled" (2 nodes)
deleting "2017-10-10 13:03:36.973395+00:00-1003-successful" (2 nodes)
deleting "2017-10-10 13:49:39.026745+00:00-1008-successful" (5 nodes)
deleting "2017-10-13 07:02:22.073869+00:00-1035-successful" (5 nodes)
workflow jobs: 20 deleted, 65 skipped.
notifications: 0 deleted, 0 skipped.
