Identity added: /tmp/ansible_tower_vPthtx/credential (/tmp/ansible_tower_vPthtx/credential)
[KeyJ1dWlkIjogIjcyZDI4OGE3LTM3MTAtNDYzMC04NGQ1LWIwN2I1NmZhZWZkOCJ9[64D[K[Ke30=[4D[K[KeyJ1dWlkIjogIjAwNTA1NmJiLTRlMDctN2EyNi1mODllLTAwMDAwMDAwMDAwNyJ9[64D[K
PLAY [all] *********************************************************************
[Ke30=[4D[K[KeyJ1dWlkIjogIjAwNTA1NmJiLTRlMDctN2EyNi1mODllLTAwMDAwMDAwMDAyYyJ9[64D[K
TASK [Gathering Facts] *********************************************************
[Ke30=[4D[K[KeyJ1dWlkIjogIjg0MjMzNmRlLTU0ZDQtNGVmNy05ZjZlLTNlMDhlNzcwNTk2NyJ9[64D[K[0;32mok: [13feb2018-awsword][0m
[Ke30=[4D[K[KeyJ1dWlkIjogIjAwNTA1NmJiLTRlMDctN2EyNi1mODllLTAwMDAwMDAwMDAwOSJ9[64D[K
TASK [Install Package] *********************************************************
[Ke30=[4D[K[KeyJ1dWlkIjogImRjNDljMTI3LWM1OWEtNDU4NC05YjdjLTE4MzNjYmJmNmUwZCJ9[64D[K[0;33mchanged: [13feb2018-awsword] => (item=[u'httpd', u'unzip', u'mariadb-server', u'mariadb', u'php', u'php-mysql', u'php-gd', u'php-ldap', u'php-odbc', u'php-pear', u'php-xml', u'php-xmlrpc', u'php-mbstring', u'php-snmp', u'php-soap', u'curl'])[0m
[Ke30=[4D[K[KeyJ1dWlkIjogIjUxNjM1NGY5LTlmN2UtNDg4Yy05ZjQ1LTg5MWI4MWFjMmQyMCJ9[64D[K[Ke30=[4D[K[KeyJ1dWlkIjogIjAwNTA1NmJiLTRlMDctN2EyNi1mODllLTAwMDAwMDAwMDAwYiJ9[64D[K
TASK [start httpd Service] *****************************************************
[Ke30=[4D[K[KeyJ1dWlkIjogIjRkODNkZTFjLTdhNmItNDQ3Yi05OTE2LWVkNzJkNTA0ODk1NiJ9[64D[K[0;33mchanged: [13feb2018-awsword][0m
[Ke30=[4D[K[KeyJ1dWlkIjogIjAwNTA1NmJiLTRlMDctN2EyNi1mODllLTAwMDAwMDAwMDAwZCJ9[64D[K
TASK [start mariadb Service] ***************************************************
[Ke30=[4D[K[KeyJ1dWlkIjogImM5OWMwZTMzLThhZmYtNDUxMS1iOTNjLTgyOGYwYmFmMzlmNCJ9[64D[K[0;33mchanged: [13feb2018-awsword][0m
[Ke30=[4D[K[KeyJ1dWlkIjogIjAwNTA1NmJiLTRlMDctN2EyNi1mODllLTAwMDAwMDAwMDAwZiJ9[64D[K
TASK [Set MySQL root password] *************************************************
[Ke30=[4D[K[KeyJ1dWlkIjogIjI5YjhkYTY3LTVjNzgtNDQwMi04NGExLTMzNDYyY2UyNmNhMiJ9[64D[K[0;33mchanged: [13feb2018-awsword][0m
[Ke30=[4D[K[KeyJ1dWlkIjogIjAwNTA1NmJiLTRlMDctN2EyNi1mODllLTAwMDAwMDAwMDAxMSJ9[64D[K
TASK [Copy mysql commands file into /tmp] **************************************
[Ke30=[4D[K[KeyJ1dWlkIjogImNlMjMyYWNiLTgwNzEtNDcwNS1hYzAyLWExZTVmYjgzZjIxZiJ9[64D[K[0;33mchanged: [13feb2018-awsword][0m
[Ke30=[4D[K[KeyJ1dWlkIjogIjAwNTA1NmJiLTRlMDctN2EyNi1mODllLTAwMDAwMDAwMDAxMyJ9[64D[K
TASK [Setup database for wordpress] ********************************************
[Ke30=[4D[K[KeyJ1dWlkIjogIjc5YjExNjliLWU0YzItNGI2My1hOTkxLWJiMGU1ZDI1NDgyZSJ9[64D[K[0;33mchanged: [13feb2018-awsword][0m
[Ke30=[4D[K[KeyJ1dWlkIjogIjAwNTA1NmJiLTRlMDctN2EyNi1mODllLTAwMDAwMDAwMDAxNSJ9[64D[K
TASK [Download Wordpress] ******************************************************
[Ke30=[4D[K[KeyJ1dWlkIjogImZhM2UxNWYwLWM3MzAtNDRhNi05ODY4LTU0ZTYwZGEwZDEwMSJ9[64D[K[0;33mchanged: [13feb2018-awsword][0m
[Ke30=[4D[K[KeyJ1dWlkIjogIjAwNTA1NmJiLTRlMDctN2EyNi1mODllLTAwMDAwMDAwMDAxNyJ9[64D[K
TASK [Unzip Wordpress Zip file] ************************************************
[Ke30=[4D[K[1;35m [WARNING]: Consider using unarchive module rather than running unzip[0m
[1;35m[0m
[KeyJ1dWlkIjogImE3YWQyZDE5LWQ5MjktNGNkNC1iYTc1LTRkM2QzNmI3ZjkzZSJ9[64D[K[0;33mchanged: [13feb2018-awsword][0m
[Ke30=[4D[K[KeyJ1dWlkIjogIjAwNTA1NmJiLTRlMDctN2EyNi1mODllLTAwMDAwMDAwMDAxOSJ9[64D[K
TASK [Copy wordpress files to webroot] *****************************************
[Ke30=[4D[K[KeyJ1dWlkIjogIjE0NjgxODBjLWU4YzEtNDk5OC05M2I1LWUwOGM1MzE0Y2QyNiJ9[64D[K[0;33mchanged: [13feb2018-awsword][0m
[Ke30=[4D[K[KeyJ1dWlkIjogIjAwNTA1NmJiLTRlMDctN2EyNi1mODllLTAwMDAwMDAwMDAxYiJ9[64D[K
TASK [Remove Index.html] *******************************************************
[Ke30=[4D[K[KeyJ1dWlkIjogIjU0ZjhhNThjLWI3YjEtNDliOC1iYzY1LWQ2OWZmYmRiOTNhMiJ9[64D[K[0;32mok: [13feb2018-awsword][0m
[Ke30=[4D[K[KeyJ1dWlkIjogIjAwNTA1NmJiLTRlMDctN2EyNi1mODllLTAwMDAwMDAwMDAxZCJ9[64D[K
TASK [HTML Directory Permissions] **********************************************
[Ke30=[4D[K[1;35m [WARNING]: Consider using file module with mode rather than running chmod[0m
[1;35m[0m
[KeyJ1dWlkIjogImNhMWVjOWMyLWIyZjItNDE4Ny1iYmMxLTUxNzE2MmZiZGNhZSJ9[64D[K[0;33mchanged: [13feb2018-awsword][0m
[Ke30=[4D[K[KeyJ1dWlkIjogIjAwNTA1NmJiLTRlMDctN2EyNi1mODllLTAwMDAwMDAwMDAxZiJ9[64D[K
TASK [HTML Directory Owner] ****************************************************
[Ke30=[4D[K[1;35m [WARNING]: Consider using file module with owner rather than running chown[0m
[1;35m[0m
[KeyJ1dWlkIjogIjMxZjliZDljLTYwNWEtNGU4OS1hZDU0LTMwZDczZDM3NmNmNSJ9[64D[K[0;33mchanged: [13feb2018-awsword][0m
[Ke30=[4D[K[KeyJ1dWlkIjogIjAwNTA1NmJiLTRlMDctN2EyNi1mODllLTAwMDAwMDAwMDAyMSJ9[64D[K
TASK [Copy Wordpress Config File in Target Location] ***************************
[Ke30=[4D[K[KeyJ1dWlkIjogImUwNjY1OTI3LTMyYmYtNDhhOC05ZjIwLWI4Njk5MDM0ZmFmMiJ9[64D[K[0;33mchanged: [13feb2018-awsword][0m
[Ke30=[4D[K[KeyJ1dWlkIjogIjAwNTA1NmJiLTRlMDctN2EyNi1mODllLTAwMDAwMDAwMDAyMyJ9[64D[K
TASK [Restart HTTPD] ***********************************************************
[Ke30=[4D[K[KeyJ1dWlkIjogIjE5ZDEwOTU1LTFjYzAtNDdlNi1iODljLWViMmZjNDEwZWRhYSJ9[64D[K[0;33mchanged: [13feb2018-awsword][0m
[Ke30=[4D[K[KeyJ1dWlkIjogImE3NGI4OTcwLTM0YzMtNGRlMi04OGU1LTBiN2YwZmU5ZjVhOCJ9[64D[K
PLAY RECAP *********************************************************************
[0;33m13feb2018-awsword[0m          : [0;32mok=15  [0m [0;33mchanged=13  [0m unreachable=0    failed=0   

[Ke30=[4D[K